Sleeping for 8 seconds...
[main 2e53937] Auto-update: 2025-07-29 19:56:35
 2 files changed, 2 insertions(+), 1 deletion(-)
 create mode 100644 nohup.out
To https://github.com/bkyalo/SmartHome.git
   4df0d64..2e53937  main -> main
Sleeping for 30 seconds...
[main e075a46] Auto-update: 2025-07-29 19:57:07
 2 files changed, 7 insertions(+), 1 deletion(-)
To https://github.com/bkyalo/SmartHome.git
   2e53937..e075a46  main -> main
Sleeping for 26 seconds...
[main 867d968] Auto-update: 2025-07-29 19:57:35
 2 files changed, 6 insertions(+), 1 deletion(-)
To https://github.com/bkyalo/SmartHome.git
   e075a46..867d968  main -> main
Sleeping for 31 seconds...
[main 2244cd7] Auto-update: 2025-07-29 19:58:07
 2 files changed, 6 insertions(+), 1 deletion(-)
To https://github.com/bkyalo/SmartHome.git
   867d968..2244cd7  main -> main
Sleeping for 33 seconds...
